<?xml version="1.0" encoding="UTF-8"?>
<testsuite name="com.bridgelabz.CensusAnalyserTest" tests="1" skipped="0" failures="0" errors="0" timestamp="2021-06-17T10:15:40" hostname="aswin-laptop" time="0.005">
  <properties/>
  <testcase name="givenIndianCensusCsvFile_WhenIncorrect_ThenThrowsCensusAnalyzerException" classname="com.bridgelabz.CensusAnalyserTest" time="0.005"/>
  <system-out><![CDATA[]]></system-out>
  <system-err><![CDATA[]]></system-err>
</testsuite>
