<?xml version="1.0" encoding="UTF-8"?>
<testsuite name="com.bridgelabz.CensusAnalyserTest" tests="10" skipped="0" failures="0" errors="0" timestamp="2021-06-21T18:04:51" hostname="aswin-laptop" time="0.695">
  <properties/>
  <testcase name="givenStateCodeCsvFile_WhenTypeIncorrect_ThenThrowsCensusAnalyzerException" classname="com.bridgelabz.CensusAnalyserTest" time="0.01"/>
  <testcase name="givenCsvFile_WhenTypeIncorrect_ThenThrowsCensusAnalyzerException" classname="com.bridgelabz.CensusAnalyserTest" time="0.001"/>
  <testcase name="givenIndianCensusCsvFile_WhenCorrect_ShouldReturnRecordCount" classname="com.bridgelabz.CensusAnalyserTest" time="0.227"/>
  <testcase name="givenCsvFile_WhenDelimiterIncorrect_ThrowsException" classname="com.bridgelabz.CensusAnalyserTest" time="0.07"/>
  <testcase name="givenStateCodeCsvFile_WhenIncorrect_ThenThrowsCensusAnalyzerException" classname="com.bridgelabz.CensusAnalyserTest" time="0.001"/>
  <testcase name="givenCsvFile_WhenHeaderIncorrect_ThrowsException" classname="com.bridgelabz.CensusAnalyserTest" time="0.079"/>
  <testcase name="givenIndianCensusCsvFile_WhenIncorrect_ThenThrowsCensusAnalyzerException" classname="com.bridgelabz.CensusAnalyserTest" time="0.001"/>
  <testcase name="givenStateCodeCsvFile_WhenHeaderIncorrect_ThrowsException" classname="com.bridgelabz.CensusAnalyserTest" time="0.12"/>
  <testcase name="givenStateCodeCsvFile_WhenDelimiterIncorrect_ThrowsException" classname="com.bridgelabz.CensusAnalyserTest" time="0.106"/>
  <testcase name="givenStateCodeCSVFile_WhenCountsRecord_ShouldReturnRecordCount" classname="com.bridgelabz.CensusAnalyserTest" time="0.076"/>
  <system-out><![CDATA[]]></system-out>
  <system-err><![CDATA[]]></system-err>
</testsuite>
