<?xml version="1.0" encoding="UTF-8"?>
<testsuite name="com.bridgelabz.CensusAnalyserTest" tests="5" skipped="0" failures="0" errors="0" timestamp="2021-06-18T08:38:41" hostname="aswin-laptop" time="0.49">
  <properties/>
  <testcase name="givenCsvFile_WhenTypeIncorrect_ThenThrowsCensusAnalyzerException" classname="com.bridgelabz.CensusAnalyserTest" time="0.006"/>
  <testcase name="givenIndianCensusCsvFile_WhenCorrect_ShouldReturnRecordCount" classname="com.bridgelabz.CensusAnalyserTest" time="0.255"/>
  <testcase name="givenCsvFile_WhenDelimiterIncorrect_ThrowsException" classname="com.bridgelabz.CensusAnalyserTest" time="0.134"/>
  <testcase name="givenCsvFile_WhenHeaderIncorrect_ThrowsException" classname="com.bridgelabz.CensusAnalyserTest" time="0.089"/>
  <testcase name="givenIndianCensusCsvFile_WhenIncorrect_ThenThrowsCensusAnalyzerException" classname="com.bridgelabz.CensusAnalyserTest" time="0.001"/>
  <system-out><![CDATA[]]></system-out>
  <system-err><![CDATA[]]></system-err>
</testsuite>
