<?xml version="1.0" encoding="UTF-8"?>
<testsuite name="com.bridgelabz.CensusAnalyserTest" tests="4" skipped="0" failures="0" errors="0" timestamp="2021-06-17T11:25:16" hostname="aswin-laptop" time="0.263">
  <properties/>
  <testcase name="givenCsvFile_WhenTypeIncorrect_ThenThrowsCensusAnalyzerException" classname="com.bridgelabz.CensusAnalyserTest" time="0.006"/>
  <testcase name="givenIndianCensusCsvFile_WhenCorrect_ShouldReturnRecordCount" classname="com.bridgelabz.CensusAnalyserTest" time="0.188"/>
  <testcase name="givenCsvFile_WhenDelimiterIncorrect_ThrowsException" classname="com.bridgelabz.CensusAnalyserTest" time="0.066"/>
  <testcase name="givenIndianCensusCsvFile_WhenIncorrect_ThenThrowsCensusAnalyzerException" classname="com.bridgelabz.CensusAnalyserTest" time="0.0"/>
  <system-out><![CDATA[]]></system-out>
  <system-err><![CDATA[]]></system-err>
</testsuite>
