<?xml version="1.0" encoding="UTF-8"?>
<testsuite name="com.bridgelabz.CensusAnalyserTest" tests="1" skipped="0" failures="0" errors="0" timestamp="2021-06-21T11:22:28" hostname="aswin-laptop" time="0.004">
  <properties/>
  <testcase name="givenStateCodeCsvFile_WhenTypeIncorrect_ThenThrowsCensusAnalyzerException" classname="com.bridgelabz.CensusAnalyserTest" time="0.004"/>
  <system-out><![CDATA[]]></system-out>
  <system-err><![CDATA[]]></system-err>
</testsuite>
